<?xml version="1.0" encoding="UTF-8"?>
<testsuites name="TS_02_Mandiri_kartu_kredit_cicilan" time="25" tests="3" failures="0" errors="0">
   <testsuite name="TS_02_Mandiri_kartu_kredit_cicilan" tests="3" failures="0" errors="0" time="25" timestamp="2018-10-12 16:10:56" hostname="ricky.nugroho - RICKY-E460.mshome.net" id="Test Suites/TS_02_Mandiri_kartu_kredit_cicilan">
      <properties>
         <property name="deviceName" value=""/>
         <property name="devicePlatform" value=""/>
         <property name="logFolder" value="C:\\Users\\ricky.nugroho\\Katalon Studio\\blanja mobile\\Reports\\TS_02_Mandiri_kartu_kredit_cicilan\\20181012_161054"/>
         <property name="logFiles" value="C:\\Users\\ricky.nugroho\\Katalon Studio\\blanja mobile\\Reports\\TS_02_Mandiri_kartu_kredit_cicilan\\20181012_161054\\execution0.log"/>
         <property name="attachments" value=""/>
         <property name="hostName" value="ricky.nugroho - RICKY-E460.mshome.net"/>
         <property name="os" value="Windows 10 64bit"/>
         <property name="katalonVersion" value="5.8.0.1"/>
         <property name="browser" value="IE 10.0"/>
         <property name="hostAddress" value="192.168.137.1"/>
         <property name="sessionId" value="83a93f7f02fc98207381c1a4aecf0edd"/>
         <property name="seleniumVersion" value="3.7.1"/>
         <property name="proxyInformation" value="ProxyInformation{proxyOption=NO_PROXY, proxyServerType=HTTP, password=, proxyServerAddress=, proxyServerPort=0}"/>
         <property name="platform" value="Windows 10"/>
      </properties>
      <testcase name="Test Cases/TC_01_Member_Login/TC_MOBILE_LOGIN" classname="Test Cases/TC_01_Member_Login/TC_MOBILE_LOGIN" status="PASSED">
         <system-out><![CDATA[2018-10-12 16:10:57 - [TEST_CASE][PASSED] - Test Cases/TC_01_Member_Login/TC_MOBILE_LOGIN: Test Cases/TC_01_Member_Login/TC_MOBILE_LOGIN

2018-10-12 16:10:57 - [TEST_STEP][PASSED] - openBrowser: Browser is opened with url: 'https://m.blanja.com/member/login'

2018-10-12 16:11:05 - [MESSAGE][PASSED] - Browser is opened with url: 'https://m.blanja.com/member/login'

2018-10-12 16:11:05 - [TEST_STEP][PASSED] - maximizeWindow: Current window maximized

2018-10-12 16:11:07 - [MESSAGE][PASSED] - Current window maximized

2018-10-12 16:11:07 - [TEST_STEP][PASSED] - setText: Text 'testblj2' is set on object 'Object Repository/mobile_login/input_UsernameEmailNo Telepon_'

2018-10-12 16:11:07 - [MESSAGE][PASSED] - Text 'testblj2' is set on object 'Object Repository/mobile_login/input_UsernameEmailNo Telepon_'

2018-10-12 16:11:07 - [TEST_STEP][PASSED] - setText: Text '123qwe' is set on object 'Object Repository/mobile_login/input_Password_password'

2018-10-12 16:11:07 - [MESSAGE][PASSED] - Text '123qwe' is set on object 'Object Repository/mobile_login/input_Password_password'

2018-10-12 16:11:07 - [TEST_STEP][PASSED] - delay: Delayed 1 second(s)

2018-10-12 16:11:08 - [MESSAGE][PASSED] - Delayed 1 second(s)

2018-10-12 16:11:08 - [TEST_STEP][PASSED] - click: Object: 'Object Repository/mobile_login/button masuk' is clicked on

2018-10-12 16:11:09 - [MESSAGE][PASSED] - Object: 'Object Repository/mobile_login/button masuk' is clicked on]]></system-out>
         <system-err><![CDATA[]]></system-err>
      </testcase>
      <testcase name="Test Cases/TC_02_PDP/TC_PDP_Digital_5_barang" classname="Test Cases/TC_02_PDP/TC_PDP_Digital_5_barang" status="PASSED">
         <system-out><![CDATA[2018-10-12 16:11:09 - [TEST_CASE][PASSED] - Test Cases/TC_02_PDP/TC_PDP_Digital_5_barang: Test Cases/TC_02_PDP/TC_PDP_Digital_5_barang

2018-10-12 16:11:10 - [TEST_STEP][PASSED] - navigateToUrl: Navigate to 'https://m.blanja.com/item/jual-beli-voucher-blanja-potongan-10-000-17769152' successfully

2018-10-12 16:11:15 - [MESSAGE][PASSED] - Navigate to 'https://m.blanja.com/item/jual-beli-voucher-blanja-potongan-10-000-17769152' successfully

2018-10-12 16:11:15 - [TEST_STEP][PASSED] - delay: Delayed 2 second(s)

2018-10-12 16:11:17 - [MESSAGE][PASSED] - Delayed 2 second(s)

2018-10-12 16:11:17 - [TEST_STEP][PASSED] - click: Object: 'Object Repository/PDP/close_dialog_gojek' is clicked on

2018-10-12 16:11:18 - [MESSAGE][PASSED] - Object: 'Object Repository/PDP/close_dialog_gojek' is clicked on

2018-10-12 16:11:18 - [TEST_STEP][PASSED] - click: Object: 'Object Repository/PDP/tambah_quantity' is clicked on

2018-10-12 16:11:18 - [MESSAGE][PASSED] - Object: 'Object Repository/PDP/tambah_quantity' is clicked on

2018-10-12 16:11:18 - [TEST_STEP][PASSED] - click: Object: 'Object Repository/PDP/tambah_quantity' is clicked on

2018-10-12 16:11:18 - [MESSAGE][PASSED] - Object: 'Object Repository/PDP/tambah_quantity' is clicked on

2018-10-12 16:11:18 - [TEST_STEP][PASSED] - click: Object: 'Object Repository/PDP/tambah_quantity' is clicked on

2018-10-12 16:11:18 - [MESSAGE][PASSED] - Object: 'Object Repository/PDP/tambah_quantity' is clicked on

2018-10-12 16:11:18 - [TEST_STEP][PASSED] - click: Object: 'Object Repository/PDP/tambah_quantity' is clicked on

2018-10-12 16:11:18 - [MESSAGE][PASSED] - Object: 'Object Repository/PDP/tambah_quantity' is clicked on

2018-10-12 16:11:18 - [TEST_STEP][PASSED] - click: Object: 'Object Repository/PDP/Btn_buy' is clicked on

2018-10-12 16:11:20 - [MESSAGE][PASSED] - Object: 'Object Repository/PDP/Btn_buy' is clicked on]]></system-out>
         <system-err><![CDATA[]]></system-err>
      </testcase>
      <testcase name="Test Cases/TC_03_Trade/Choose Payment Method/TC_02_Digital_Mandiri_Kartu_kredit_cicilan" classname="Test Cases/TC_03_Trade/Choose Payment Method/TC_02_Digital_Mandiri_Kartu_kredit_cicilan" status="PASSED">
         <system-out><![CDATA[2018-10-12 16:11:20 - [TEST_CASE][PASSED] - Test Cases/TC_03_Trade/Choose Payment Method/TC_02_Digital_Mandiri_Kartu_kredit_cicilan: Test Cases/TC_03_Trade/Choose Payment Method/TC_02_Digital_Mandiri_Kartu_kredit_cicilan

2018-10-12 16:11:20 - [TEST_STEP][PASSED] - click: Object: 'Object Repository/Payment method/Tab_Mandiri' is clicked on

2018-10-12 16:11:20 - [MESSAGE][PASSED] - Object: 'Object Repository/Payment method/Tab_Mandiri' is clicked on

2018-10-12 16:11:20 - [TEST_STEP][PASSED] - click: Object: 'Object Repository/Payment method/label_mandiri_cc_cicilan' is clicked on

2018-10-12 16:11:21 - [MESSAGE][PASSED] - Object: 'Object Repository/Payment method/label_mandiri_cc_cicilan' is clicked on

2018-10-12 16:11:21 - [TEST_STEP][PASSED] - selectOptionByIndex: All options with index in [1] are selected on object 'Object Repository/khusus_cicilan/Select_mandiri'

2018-10-12 16:11:21 - [MESSAGE][PASSED] - All options with index in [1] are selected on object 'Object Repository/khusus_cicilan/Select_mandiri'

2018-10-12 16:11:21 - [TEST_STEP][PASSED] - blj.common.report.Autoplaced.AppendToBlanjaAutoplacedReport: blj.common.report.Autoplaced.AppendToBlanjaAutoplacedReport is PASSED

2018-10-12 16:11:21 - [MESSAGE][PASSED] - blj.common.report.Autoplaced.AppendToBlanjaAutoplacedReport is PASSED]]></system-out>
         <system-err><![CDATA[]]></system-err>
      </testcase>
      <system-out><![CDATA[2018-10-12 16:10:56 - [TEST_SUITE][PASSED] - TS_02_Mandiri_kartu_kredit_cicilan: Test Cases/TC_03_Trade/Choose Payment Method/TC_02_Digital_Mandiri_Kartu_kredit_cicilan]]></system-out>
      <system-err><![CDATA[]]></system-err>
   </testsuite>
</testsuites>
