<?xml version="1.0" encoding="UTF-8"?>
<testsuites name="TS_06_BNI_Debit_online" time="25" tests="4" failures="0" errors="0">
   <testsuite name="TS_06_BNI_Debit_online" tests="4" failures="0" errors="0" time="25" timestamp="2018-10-11 13:13:15" hostname="ricky.nugroho - RICKY-E460.mshome.net" id="Test Suites/TS_06_BNI_Debit_online">
      <properties>
         <property name="deviceName" value=""/>
         <property name="devicePlatform" value=""/>
         <property name="logFolder" value="C:\\Users\\ricky.nugroho\\Katalon Studio\\blanja mobile\\Reports\\TS_06_BNI_Debit_online\\20181011_131312"/>
         <property name="logFiles" value="C:\\Users\\ricky.nugroho\\Katalon Studio\\blanja mobile\\Reports\\TS_06_BNI_Debit_online\\20181011_131312\\execution0.log"/>
         <property name="attachments" value=""/>
         <property name="hostName" value="ricky.nugroho - RICKY-E460.mshome.net"/>
         <property name="os" value="Windows 10 64bit"/>
         <property name="katalonVersion" value="5.8.0.1"/>
         <property name="browser" value="IE 10.0"/>
         <property name="hostAddress" value="192.168.137.1"/>
         <property name="sessionId" value="ec35ac1d109dfbfbcab4e5653b913a0b"/>
         <property name="seleniumVersion" value="3.7.1"/>
         <property name="proxyInformation" value="ProxyInformation{proxyOption=NO_PROXY, proxyServerType=HTTP, password=, proxyServerAddress=, proxyServerPort=0}"/>
         <property name="platform" value="Windows 10"/>
      </properties>
      <testcase name="Test Cases/TC_01_Member_Login/TC_MOBILE_LOGIN" classname="Test Cases/TC_01_Member_Login/TC_MOBILE_LOGIN" status="PASSED">
         <system-out><![CDATA[2018-10-11 13:13:16 - [TEST_CASE][PASSED] - Test Cases/TC_01_Member_Login/TC_MOBILE_LOGIN: Test Cases/TC_01_Member_Login/TC_MOBILE_LOGIN

2018-10-11 13:13:16 - [TEST_STEP][PASSED] - openBrowser: Browser is opened with url: 'https://m.blanja.com/member/login'

2018-10-11 13:13:21 - [MESSAGE][PASSED] - Browser is opened with url: 'https://m.blanja.com/member/login'

2018-10-11 13:13:21 - [TEST_STEP][PASSED] - maximizeWindow: Current window maximized

2018-10-11 13:13:23 - [MESSAGE][PASSED] - Current window maximized

2018-10-11 13:13:23 - [TEST_STEP][PASSED] - setText: Text 'testblj2' is set on object 'Object Repository/mobile_login/input_UsernameEmailNo Telepon_'

2018-10-11 13:13:23 - [MESSAGE][PASSED] - Text 'testblj2' is set on object 'Object Repository/mobile_login/input_UsernameEmailNo Telepon_'

2018-10-11 13:13:23 - [TEST_STEP][PASSED] - setText: Text '123qwe' is set on object 'Object Repository/mobile_login/input_Password_password'

2018-10-11 13:13:23 - [MESSAGE][PASSED] - Text '123qwe' is set on object 'Object Repository/mobile_login/input_Password_password'

2018-10-11 13:13:23 - [TEST_STEP][PASSED] - click: Object: 'Object Repository/mobile_login/button masuk' is clicked on

2018-10-11 13:13:24 - [MESSAGE][PASSED] - Object: 'Object Repository/mobile_login/button masuk' is clicked on]]></system-out>
         <system-err><![CDATA[]]></system-err>
      </testcase>
      <testcase name="Test Cases/TC_02_PDP/TC_PDP_digital" classname="Test Cases/TC_02_PDP/TC_PDP_digital" status="PASSED">
         <system-out><![CDATA[2018-10-11 13:13:24 - [TEST_CASE][PASSED] - Test Cases/TC_02_PDP/TC_PDP_digital: Test Cases/TC_02_PDP/TC_PDP_digital

2018-10-11 13:13:25 - [TEST_STEP][PASSED] - navigateToUrl: Navigate to 'https://m.blanja.com/item/jual-beli-voucher-blanja-potongan-10-000-17769152' successfully

2018-10-11 13:13:30 - [MESSAGE][PASSED] - Navigate to 'https://m.blanja.com/item/jual-beli-voucher-blanja-potongan-10-000-17769152' successfully

2018-10-11 13:13:30 - [TEST_STEP][PASSED] - delay: Delayed 2 second(s)

2018-10-11 13:13:32 - [MESSAGE][PASSED] - Delayed 2 second(s)

2018-10-11 13:13:32 - [TEST_STEP][PASSED] - click: Object: 'Object Repository/PDP/close_dialog_gojek' is clicked on

2018-10-11 13:13:32 - [MESSAGE][PASSED] - Object: 'Object Repository/PDP/close_dialog_gojek' is clicked on

2018-10-11 13:13:32 - [TEST_STEP][PASSED] - click: Object: 'Object Repository/PDP/Btn_buy' is clicked on

2018-10-11 13:13:33 - [MESSAGE][PASSED] - Object: 'Object Repository/PDP/Btn_buy' is clicked on]]></system-out>
         <system-err><![CDATA[]]></system-err>
      </testcase>
      <testcase name="Test Cases/TC_03_Trade/Choose Payment Method/TC_05_Digital_BNI_Virtual_Account" classname="Test Cases/TC_03_Trade/Choose Payment Method/TC_05_Digital_BNI_Virtual_Account" status="PASSED">
         <system-out><![CDATA[2018-10-11 13:13:33 - [TEST_CASE][PASSED] - Test Cases/TC_03_Trade/Choose Payment Method/TC_05_Digital_BNI_Virtual_Account: Test Cases/TC_03_Trade/Choose Payment Method/TC_05_Digital_BNI_Virtual_Account

2018-10-11 13:13:34 - [TEST_STEP][PASSED] - click: Object: 'Object Repository/Payment method/tab_BNI' is clicked on

2018-10-11 13:13:34 - [MESSAGE][PASSED] - Object: 'Object Repository/Payment method/tab_BNI' is clicked on

2018-10-11 13:13:34 - [TEST_STEP][PASSED] - click: Object: 'Object Repository/Payment method/label_BNI_Virtual_Account' is clicked on

2018-10-11 13:13:34 - [MESSAGE][PASSED] - Object: 'Object Repository/Payment method/label_BNI_Virtual_Account' is clicked on

2018-10-11 13:13:34 - [TEST_STEP][PASSED] - blj.common.report.Autoplaced.AppendToBlanjaAutoplacedReport: blj.common.report.Autoplaced.AppendToBlanjaAutoplacedReport is PASSED

2018-10-11 13:13:34 - [MESSAGE][PASSED] - blj.common.report.Autoplaced.AppendToBlanjaAutoplacedReport is PASSED]]></system-out>
         <system-err><![CDATA[]]></system-err>
      </testcase>
      <testcase name="Test Cases/TC_03_Trade/TC_Click_Button_Order_and_get_order_number" classname="Test Cases/TC_03_Trade/TC_Click_Button_Order_and_get_order_number" status="PASSED">
         <system-out><![CDATA[2018-10-11 13:13:34 - [TEST_CASE][PASSED] - Test Cases/TC_03_Trade/TC_Click_Button_Order_and_get_order_number: Test Cases/TC_03_Trade/TC_Click_Button_Order_and_get_order_number

2018-10-11 13:13:34 - [TEST_STEP][PASSED] - click: Object: 'Object Repository/Payment method/button/btn_order' is clicked on

2018-10-11 13:13:35 - [MESSAGE][PASSED] - Object: 'Object Repository/Payment method/button/btn_order' is clicked on

2018-10-11 13:13:35 - [TEST_STEP][PASSED] - navigateToUrl: Navigate to 'http://m.blanja.com' successfully

2018-10-11 13:13:38 - [MESSAGE][PASSED] - Navigate to 'http://m.blanja.com' successfully

2018-10-11 13:13:38 - [TEST_STEP][PASSED] - click: Object: 'Object Repository/user button' is clicked on

2018-10-11 13:13:38 - [MESSAGE][PASSED] - Object: 'Object Repository/user button' is clicked on

2018-10-11 13:13:38 - [TEST_STEP][PASSED] - click: Object: 'Object Repository/btn_blanjaan_saya' is clicked on

2018-10-11 13:13:38 - [MESSAGE][PASSED] - Object: 'Object Repository/btn_blanjaan_saya' is clicked on

2018-10-11 13:13:38 - [TEST_STEP][PASSED] - Statement - orderNumber = "- " + com.kms.katalon.core.webui.keyword.WebUiBuiltInKeywords.getText(com.kms.katalon.core.testobject.ObjectRepository.findTestObject(No_order)): Text of object 'Object Repository/No_order' is: 'No. Order : 418680513351084019
11 Okt 2018 13:13
Voucher Blanja Potongan 10.000
  Rp 100.000 x 1'

2018-10-11 13:13:40 - [MESSAGE][PASSED] - Text of object 'Object Repository/No_order' is: 'No. Order : 418680513351084019
11 Okt 2018 13:13
Voucher Blanja Potongan 10.000
  Rp 100.000 x 1'

2018-10-11 13:13:40 - [TEST_STEP][PASSED] - blj.common.report.Autoplaced.AppendToBlanjaAutoplacedReport: blj.common.report.Autoplaced.AppendToBlanjaAutoplacedReport is PASSED

2018-10-11 13:13:40 - [MESSAGE][PASSED] - blj.common.report.Autoplaced.AppendToBlanjaAutoplacedReport is PASSED]]></system-out>
         <system-err><![CDATA[]]></system-err>
      </testcase>
      <system-out><![CDATA[2018-10-11 13:13:15 - [TEST_SUITE][PASSED] - TS_06_BNI_Debit_online: Test Cases/TC_03_Trade/TC_Click_Button_Order_and_get_order_number]]></system-out>
      <system-err><![CDATA[]]></system-err>
   </testsuite>
</testsuites>
