<?xml version="1.0" encoding="UTF-8"?>
<testsuites name="tes" time="17" tests="4" failures="0" errors="0">
   <testsuite name="tes" tests="4" failures="0" errors="0" time="17" timestamp="2018-10-11 10:19:16" hostname="ricky.nugroho - RICKY-E460.ad.metraplasa.co.id" id="Test Suites/tes">
      <properties>
         <property name="deviceName" value=""/>
         <property name="devicePlatform" value=""/>
         <property name="logFolder" value="C:\\Users\\ricky.nugroho\\Katalon Studio\\blanja mobile\\Reports\\tes\\20181011_101914"/>
         <property name="logFiles" value="C:\\Users\\ricky.nugroho\\Katalon Studio\\blanja mobile\\Reports\\tes\\20181011_101914\\execution0.log"/>
         <property name="attachments" value=""/>
         <property name="hostName" value="ricky.nugroho - RICKY-E460.ad.metraplasa.co.id"/>
         <property name="os" value="Windows 10 64bit"/>
         <property name="katalonVersion" value="5.8.0.1"/>
         <property name="browser" value="IE 10.0"/>
         <property name="hostAddress" value="10.10.99.248"/>
         <property name="sessionId" value="19259d7479b98631d9001278e931c737"/>
         <property name="seleniumVersion" value="3.7.1"/>
         <property name="proxyInformation" value="ProxyInformation{proxyOption=NO_PROXY, proxyServerType=HTTP, password=, proxyServerAddress=, proxyServerPort=0}"/>
         <property name="platform" value="Windows 10"/>
      </properties>
      <testcase name="Test Cases/TC_01_Member_Login/TC_MOBILE_LOGIN" classname="Test Cases/TC_01_Member_Login/TC_MOBILE_LOGIN" status="PASSED">
         <system-out><![CDATA[2018-10-11 10:19:16 - [TEST_CASE][PASSED] - Test Cases/TC_01_Member_Login/TC_MOBILE_LOGIN: Test Cases/TC_01_Member_Login/TC_MOBILE_LOGIN

2018-10-11 10:19:17 - [TEST_STEP][PASSED] - openBrowser: Browser is opened with url: 'https://m.blanja.com/member/login'

2018-10-11 10:19:22 - [MESSAGE][PASSED] - Browser is opened with url: 'https://m.blanja.com/member/login'

2018-10-11 10:19:22 - [TEST_STEP][PASSED] - maximizeWindow: Current window maximized

2018-10-11 10:19:23 - [MESSAGE][PASSED] - Current window maximized

2018-10-11 10:19:23 - [TEST_STEP][PASSED] - setText: Text 'testblj2' is set on object 'Object Repository/mobile_login/input_UsernameEmailNo Telepon_'

2018-10-11 10:19:23 - [MESSAGE][PASSED] - Text 'testblj2' is set on object 'Object Repository/mobile_login/input_UsernameEmailNo Telepon_'

2018-10-11 10:19:23 - [TEST_STEP][PASSED] - setText: Text '123qwe' is set on object 'Object Repository/mobile_login/input_Password_password'

2018-10-11 10:19:24 - [MESSAGE][PASSED] - Text '123qwe' is set on object 'Object Repository/mobile_login/input_Password_password'

2018-10-11 10:19:24 - [TEST_STEP][PASSED] - click: Object: 'Object Repository/mobile_login/button masuk' is clicked on

2018-10-11 10:19:25 - [MESSAGE][PASSED] - Object: 'Object Repository/mobile_login/button masuk' is clicked on]]></system-out>
         <system-err><![CDATA[]]></system-err>
      </testcase>
      <testcase name="Test Cases/TC_02_PDP/TC_PDP_digital" classname="Test Cases/TC_02_PDP/TC_PDP_digital" status="PASSED">
         <system-out><![CDATA[2018-10-11 10:19:25 - [TEST_CASE][PASSED] - Test Cases/TC_02_PDP/TC_PDP_digital: Test Cases/TC_02_PDP/TC_PDP_digital

2018-10-11 10:19:25 - [TEST_STEP][PASSED] - navigateToUrl: Navigate to 'https://m.blanja.com/item/jual-beli-voucher-blanja-potongan-10-000-17769152' successfully

2018-10-11 10:19:29 - [MESSAGE][PASSED] - Navigate to 'https://m.blanja.com/item/jual-beli-voucher-blanja-potongan-10-000-17769152' successfully

2018-10-11 10:19:29 - [TEST_STEP][PASSED] - waitForElementClickable: Object 'Object Repository/PDP/close_dialog_gojek' is clickable

2018-10-11 10:19:29 - [MESSAGE][WARNING] - Timeout '0' is invalid. Using default page load timeout: '30'

2018-10-11 10:19:29 - [MESSAGE][PASSED] - Object 'Object Repository/PDP/close_dialog_gojek' is clickable

2018-10-11 10:19:29 - [TEST_STEP][PASSED] - click: Object: 'Object Repository/PDP/close_dialog_gojek' is clicked on

2018-10-11 10:19:30 - [MESSAGE][PASSED] - Object: 'Object Repository/PDP/close_dialog_gojek' is clicked on

2018-10-11 10:19:30 - [TEST_STEP][PASSED] - click: Object: 'Object Repository/PDP/Btn_buy' is clicked on

2018-10-11 10:19:30 - [MESSAGE][PASSED] - Object: 'Object Repository/PDP/Btn_buy' is clicked on]]></system-out>
         <system-err><![CDATA[]]></system-err>
      </testcase>
      <testcase name="Test Cases/TC_03_Trade/Choose Payment Method/TC_01_Digital_Mandiri_Debit_Online" classname="Test Cases/TC_03_Trade/Choose Payment Method/TC_01_Digital_Mandiri_Debit_Online" status="PASSED">
         <system-out><![CDATA[2018-10-11 10:19:30 - [TEST_CASE][PASSED] - Test Cases/TC_03_Trade/Choose Payment Method/TC_01_Digital_Mandiri_Debit_Online: Test Cases/TC_03_Trade/Choose Payment Method/TC_01_Digital_Mandiri_Debit_Online

2018-10-11 10:19:30 - [TEST_STEP][PASSED] - click: Object: 'Object Repository/Payment method/Tab_Mandiri' is clicked on

2018-10-11 10:19:31 - [MESSAGE][PASSED] - Object: 'Object Repository/Payment method/Tab_Mandiri' is clicked on

2018-10-11 10:19:31 - [TEST_STEP][PASSED] - click: Object: 'Object Repository/Payment method/Label_Mandiri_debit_online' is clicked on

2018-10-11 10:19:32 - [MESSAGE][PASSED] - Object: 'Object Repository/Payment method/Label_Mandiri_debit_online' is clicked on

2018-10-11 10:19:32 - [TEST_STEP][PASSED] - Statement - paymentMethod = "Mandiri " + com.kms.katalon.core.webui.keyword.WebUiBuiltInKeywords.getText(com.kms.katalon.core.testobject.ObjectRepository.findTestObject(Payment method/Label_Mandiri_debit_online)): Text of object 'Object Repository/Payment method/Label_Mandiri_debit_online' is: 'Mandiri
Debit Online
promo'

2018-10-11 10:19:32 - [MESSAGE][PASSED] - Text of object 'Object Repository/Payment method/Label_Mandiri_debit_online' is: 'Mandiri
Debit Online
promo'

2018-10-11 10:19:32 - [TEST_STEP][PASSED] - blj.common.report.Autoplaced.AppendToBlanjaAutoplacedReport: blj.common.report.Autoplaced.AppendToBlanjaAutoplacedReport is PASSED

2018-10-11 10:19:32 - [MESSAGE][PASSED] - blj.common.report.Autoplaced.AppendToBlanjaAutoplacedReport is PASSED]]></system-out>
         <system-err><![CDATA[]]></system-err>
      </testcase>
      <testcase name="Test Cases/TC_03_Trade/TC_Click_Button_Order_and_get_order_number" classname="Test Cases/TC_03_Trade/TC_Click_Button_Order_and_get_order_number" status="PASSED">
         <system-out><![CDATA[2018-10-11 10:19:32 - [TEST_CASE][PASSED] - Test Cases/TC_03_Trade/TC_Click_Button_Order_and_get_order_number: Test Cases/TC_03_Trade/TC_Click_Button_Order_and_get_order_number

2018-10-11 10:19:32 - [TEST_STEP][PASSED] - click: Object: 'Object Repository/Payment method/button/btn_order' is clicked on

2018-10-11 10:19:33 - [MESSAGE][PASSED] - Object: 'Object Repository/Payment method/button/btn_order' is clicked on

2018-10-11 10:19:33 - [TEST_STEP][PASSED] - navigateToUrl: Navigate to 'https://m.blanja.com/mobile/trades/index' successfully

2018-10-11 10:19:33 - [MESSAGE][PASSED] - Navigate to 'https://m.blanja.com/mobile/trades/index' successfully

2018-10-11 10:19:33 - [TEST_STEP][PASSED] - Statement - orderNumber = "- " + com.kms.katalon.core.webui.keyword.WebUiBuiltInKeywords.getText(com.kms.katalon.core.testobject.ObjectRepository.findTestObject(No_order)): Text of object 'Object Repository/No_order' is: ''

2018-10-11 10:19:33 - [MESSAGE][PASSED] - Text of object 'Object Repository/No_order' is: ''

2018-10-11 10:19:33 - [TEST_STEP][PASSED] - blj.common.report.Autoplaced.AppendToBlanjaAutoplacedReport: blj.common.report.Autoplaced.AppendToBlanjaAutoplacedReport is PASSED

2018-10-11 10:19:33 - [MESSAGE][PASSED] - blj.common.report.Autoplaced.AppendToBlanjaAutoplacedReport is PASSED]]></system-out>
         <system-err><![CDATA[]]></system-err>
      </testcase>
      <system-out><![CDATA[2018-10-11 10:19:16 - [TEST_SUITE][PASSED] - tes: Test Cases/TC_03_Trade/TC_Click_Button_Order_and_get_order_number]]></system-out>
      <system-err><![CDATA[]]></system-err>
   </testsuite>
</testsuites>
