<?xml version="1.0" encoding="UTF-8"?>
<testsuites name="TS_29_Kartu_kredit_cicilan" time="25" tests="4" failures="0" errors="0">
   <testsuite name="TS_29_Kartu_kredit_cicilan" tests="4" failures="0" errors="0" time="25" timestamp="2018-10-15 10:48:07" hostname="ricky.nugroho - RICKY-E460.ad.metraplasa.co.id" id="Test Suites/TS_29_Kartu_kredit_cicilan">
      <properties>
         <property name="deviceName" value=""/>
         <property name="devicePlatform" value=""/>
         <property name="logFolder" value="C:\\Users\\ricky.nugroho\\Katalon Studio\\blanja mobile\\Reports\\TS_29_Kartu_kredit_cicilan\\20181015_104805"/>
         <property name="logFiles" value="C:\\Users\\ricky.nugroho\\Katalon Studio\\blanja mobile\\Reports\\TS_29_Kartu_kredit_cicilan\\20181015_104805\\execution0.log"/>
         <property name="attachments" value=""/>
         <property name="hostName" value="ricky.nugroho - RICKY-E460.ad.metraplasa.co.id"/>
         <property name="os" value="Windows 10 64bit"/>
         <property name="katalonVersion" value="5.8.0.1"/>
         <property name="browser" value="IE 10.0"/>
         <property name="hostAddress" value="10.10.99.53"/>
         <property name="sessionId" value="9856b3cd6ad2d7318dd1d2a161dac16a"/>
         <property name="seleniumVersion" value="3.7.1"/>
         <property name="proxyInformation" value="ProxyInformation{proxyOption=NO_PROXY, proxyServerType=HTTP, password=, proxyServerAddress=, proxyServerPort=0}"/>
         <property name="platform" value="Windows 10"/>
      </properties>
      <testcase name="Test Cases/TC_01_Member_Login/TC_MOBILE_LOGIN" classname="Test Cases/TC_01_Member_Login/TC_MOBILE_LOGIN" status="PASSED">
         <system-out><![CDATA[2018-10-15 10:48:08 - [TEST_CASE][PASSED] - Test Cases/TC_01_Member_Login/TC_MOBILE_LOGIN: Test Cases/TC_01_Member_Login/TC_MOBILE_LOGIN

2018-10-15 10:48:08 - [TEST_STEP][PASSED] - openBrowser: Browser is opened with url: 'https://m.blanja.com/member/login'

2018-10-15 10:48:13 - [MESSAGE][PASSED] - Browser is opened with url: 'https://m.blanja.com/member/login'

2018-10-15 10:48:13 - [TEST_STEP][PASSED] - maximizeWindow: Current window maximized

2018-10-15 10:48:15 - [MESSAGE][PASSED] - Current window maximized

2018-10-15 10:48:15 - [TEST_STEP][PASSED] - setText: Text 'testblj2' is set on object 'Object Repository/mobile_login/input_UsernameEmailNo Telepon_'

2018-10-15 10:48:15 - [MESSAGE][PASSED] - Text 'testblj2' is set on object 'Object Repository/mobile_login/input_UsernameEmailNo Telepon_'

2018-10-15 10:48:15 - [TEST_STEP][PASSED] - setText: Text '123qwe' is set on object 'Object Repository/mobile_login/input_Password_password'

2018-10-15 10:48:15 - [MESSAGE][PASSED] - Text '123qwe' is set on object 'Object Repository/mobile_login/input_Password_password'

2018-10-15 10:48:15 - [TEST_STEP][PASSED] - delay: Delayed 1 second(s)

2018-10-15 10:48:16 - [MESSAGE][PASSED] - Delayed 1 second(s)

2018-10-15 10:48:16 - [TEST_STEP][PASSED] - click: Object: 'Object Repository/mobile_login/button masuk' is clicked on

2018-10-15 10:48:17 - [MESSAGE][PASSED] - Object: 'Object Repository/mobile_login/button masuk' is clicked on]]></system-out>
         <system-err><![CDATA[]]></system-err>
      </testcase>
      <testcase name="Test Cases/TC_02_PDP/TC_PDP_Digital_5_barang" classname="Test Cases/TC_02_PDP/TC_PDP_Digital_5_barang" status="PASSED">
         <system-out><![CDATA[2018-10-15 10:48:17 - [TEST_CASE][PASSED] - Test Cases/TC_02_PDP/TC_PDP_Digital_5_barang: Test Cases/TC_02_PDP/TC_PDP_Digital_5_barang

2018-10-15 10:48:18 - [TEST_STEP][PASSED] - navigateToUrl: Navigate to 'https://m.blanja.com/item/jual-beli-voucher-blanja-potongan-10-000-17769152' successfully

2018-10-15 10:48:21 - [MESSAGE][PASSED] - Navigate to 'https://m.blanja.com/item/jual-beli-voucher-blanja-potongan-10-000-17769152' successfully

2018-10-15 10:48:21 - [TEST_STEP][PASSED] - delay: Delayed 2 second(s)

2018-10-15 10:48:23 - [MESSAGE][PASSED] - Delayed 2 second(s)

2018-10-15 10:48:23 - [TEST_STEP][PASSED] - click: Object: 'Object Repository/PDP/close_dialog_gojek' is clicked on

2018-10-15 10:48:23 - [MESSAGE][PASSED] - Object: 'Object Repository/PDP/close_dialog_gojek' is clicked on

2018-10-15 10:48:23 - [TEST_STEP][PASSED] - click: Object: 'Object Repository/PDP/tambah_quantity' is clicked on

2018-10-15 10:48:24 - [MESSAGE][PASSED] - Object: 'Object Repository/PDP/tambah_quantity' is clicked on

2018-10-15 10:48:24 - [TEST_STEP][PASSED] - click: Object: 'Object Repository/PDP/tambah_quantity' is clicked on

2018-10-15 10:48:24 - [MESSAGE][PASSED] - Object: 'Object Repository/PDP/tambah_quantity' is clicked on

2018-10-15 10:48:24 - [TEST_STEP][PASSED] - click: Object: 'Object Repository/PDP/tambah_quantity' is clicked on

2018-10-15 10:48:24 - [MESSAGE][PASSED] - Object: 'Object Repository/PDP/tambah_quantity' is clicked on

2018-10-15 10:48:24 - [TEST_STEP][PASSED] - click: Object: 'Object Repository/PDP/tambah_quantity' is clicked on

2018-10-15 10:48:24 - [MESSAGE][PASSED] - Object: 'Object Repository/PDP/tambah_quantity' is clicked on

2018-10-15 10:48:24 - [TEST_STEP][PASSED] - click: Object: 'Object Repository/PDP/Btn_buy' is clicked on

2018-10-15 10:48:26 - [MESSAGE][PASSED] - Object: 'Object Repository/PDP/Btn_buy' is clicked on]]></system-out>
         <system-err><![CDATA[]]></system-err>
      </testcase>
      <testcase name="Test Cases/TC_03_Trade/Choose Payment Method/TC_29_Digital_Kartu_Kredit_Cicilan" classname="Test Cases/TC_03_Trade/Choose Payment Method/TC_29_Digital_Kartu_Kredit_Cicilan" status="PASSED">
         <system-out><![CDATA[2018-10-15 10:48:26 - [TEST_CASE][PASSED] - Test Cases/TC_03_Trade/Choose Payment Method/TC_29_Digital_Kartu_Kredit_Cicilan: Test Cases/TC_03_Trade/Choose Payment Method/TC_29_Digital_Kartu_Kredit_Cicilan

2018-10-15 10:48:26 - [TEST_STEP][PASSED] - click: Object: 'Object Repository/Payment method/label_cc_cicilan' is clicked on

2018-10-15 10:48:26 - [MESSAGE][PASSED] - Object: 'Object Repository/Payment method/label_cc_cicilan' is clicked on

2018-10-15 10:48:26 - [TEST_STEP][PASSED] - selectOptionByIndex: All options with index in [1] are selected on object 'Object Repository/khusus_cicilan/select_general'

2018-10-15 10:48:26 - [MESSAGE][PASSED] - All options with index in [1] are selected on object 'Object Repository/khusus_cicilan/select_general'

2018-10-15 10:48:26 - [TEST_STEP][PASSED] - blj.common.report.Autoplaced.AppendToBlanjaAutoplacedReport: blj.common.report.Autoplaced.AppendToBlanjaAutoplacedReport is PASSED

2018-10-15 10:48:26 - [MESSAGE][PASSED] - blj.common.report.Autoplaced.AppendToBlanjaAutoplacedReport is PASSED]]></system-out>
         <system-err><![CDATA[]]></system-err>
      </testcase>
      <testcase name="Test Cases/TC_03_Trade/TC_Click_Button_Order_and_get_order_number" classname="Test Cases/TC_03_Trade/TC_Click_Button_Order_and_get_order_number" status="PASSED">
         <system-out><![CDATA[2018-10-15 10:48:26 - [TEST_CASE][PASSED] - Test Cases/TC_03_Trade/TC_Click_Button_Order_and_get_order_number: Test Cases/TC_03_Trade/TC_Click_Button_Order_and_get_order_number

2018-10-15 10:48:27 - [TEST_STEP][PASSED] - click: Object: 'Object Repository/Payment method/button/btn_order' is clicked on

2018-10-15 10:48:27 - [MESSAGE][PASSED] - Object: 'Object Repository/Payment method/button/btn_order' is clicked on

2018-10-15 10:48:27 - [TEST_STEP][PASSED] - navigateToUrl: Navigate to 'http://m.blanja.com' successfully

2018-10-15 10:48:30 - [MESSAGE][PASSED] - Navigate to 'http://m.blanja.com' successfully

2018-10-15 10:48:30 - [TEST_STEP][PASSED] - click: Object: 'Object Repository/user button' is clicked on

2018-10-15 10:48:30 - [MESSAGE][PASSED] - Object: 'Object Repository/user button' is clicked on

2018-10-15 10:48:30 - [TEST_STEP][PASSED] - click: Object: 'Object Repository/btn_blanjaan_saya' is clicked on

2018-10-15 10:48:31 - [MESSAGE][PASSED] - Object: 'Object Repository/btn_blanjaan_saya' is clicked on

2018-10-15 10:48:31 - [TEST_STEP][PASSED] - Statement - orderNumber = "- " + com.kms.katalon.core.webui.keyword.WebUiBuiltInKeywords.getText(com.kms.katalon.core.testobject.ObjectRepository.findTestObject(No_order)): Text of object 'Object Repository/No_order' is: 'No. Order : 418689848279584019
15 Okt 2018 10:48
Voucher Blanja Potongan 10.000
  Rp 100.000 x 5'

2018-10-15 10:48:32 - [MESSAGE][PASSED] - Text of object 'Object Repository/No_order' is: 'No. Order : 418689848279584019
15 Okt 2018 10:48
Voucher Blanja Potongan 10.000
  Rp 100.000 x 5'

2018-10-15 10:48:32 - [TEST_STEP][PASSED] - blj.common.report.Autoplaced.AppendToBlanjaAutoplacedReport: blj.common.report.Autoplaced.AppendToBlanjaAutoplacedReport is PASSED

2018-10-15 10:48:32 - [MESSAGE][PASSED] - blj.common.report.Autoplaced.AppendToBlanjaAutoplacedReport is PASSED]]></system-out>
         <system-err><![CDATA[]]></system-err>
      </testcase>
      <system-out><![CDATA[2018-10-15 10:48:07 - [TEST_SUITE][PASSED] - TS_29_Kartu_kredit_cicilan: Test Cases/TC_03_Trade/TC_Click_Button_Order_and_get_order_number]]></system-out>
      <system-err><![CDATA[]]></system-err>
   </testsuite>
</testsuites>
